46.0444 	INFO 	Loaded monitor calibration from ['2024_08_09 11:23']
46.0593 	WARNING 	User requested fullscreen with size [1024  768], but screen is actually [1440, 900]. Using actual size
46.3819 	EXP 	Created window1 = Window(allowGUI=True, allowStencil=False, autoLog=True, backendConf=UNKNOWN, backgroundFit=<method-wrapper '__getattribute__' of attributeSetter object at 0x137682f80>, backgroundImage=<method-wrapper '__getattribute__' of attributeSetter object at 0x137682fe0>, bitsMode=UNKNOWN, blendMode='avg', bpc=(8, 8, 8), color=array([0, 0, 0]), colorSpace='rgb', depthBits=8, fullscr=<method-wrapper '__getattribute__' of attributeSetter object at 0x137683190>, gamma=None, gammaErrorPolicy='raise', infoMsg=UNKNOWN, lms=UNKNOWN, monitor=<psychopy.monitors.calibTools.Monitor object at 0x1377400d0>, multiSample=False, name='window1', numSamples=2, pos=[360.0, 225.0], screen=0, size=array([2880, 1800]), stencilBits=0, stereo=False, title='PsychoPy', units='height', useFBO=True, useRetina=True, viewOri=0.0, viewPos=None, viewScale=None, waitBlanking=True, winType='pyglet')
46.3820 	EXP 	window1: backgroundImage = ''
46.3821 	EXP 	window1: backgroundFit = 'none'
46.3825 	EXP 	window1: mouseVisible = <method-wrapper '__getattribute__' of attributeSetter object at 0x137682e60>
46.3829 	EXP 	window1: mouseVisible = <method-wrapper '__getattribute__' of attributeSetter object at 0x137682e60>
46.3920 	EXP 	window1: mouseVisible = <method-wrapper '__getattribute__' of attributeSetter object at 0x137682e60>
46.3934 	EXP 	window1: mouseVisible = <method-wrapper '__getattribute__' of attributeSetter object at 0x137682e60>
46.4927 	EXP 	window1: mouseVisible = <method-wrapper '__getattribute__' of attributeSetter object at 0x137682e60>
46.4929 	EXP 	window1: mouseVisible = <method-wrapper '__getattribute__' of attributeSetter object at 0x137682e60>
46.4939 	EXP 	window1: mouseVisible = <method-wrapper '__getattribute__' of attributeSetter object at 0x137682e60>
46.4949 	EXP 	window1: mouseVisible = <method-wrapper '__getattribute__' of attributeSetter object at 0x137682e60>
46.5123 	EXP 	window1: Attempting to measure frame rate of screen (0) ...
46.5124 	EXP 	window1: recordFrameIntervals = False
46.9300 	EXP 	window1: recordFrameIntervals = True
47.1181 	EXP 	Screen (0) actual frame rate measured at 59.17Hz
47.1183 	EXP 	window1: recordFrameIntervals = False
47.1210 	EXP 	window1: mouseVisible = False
53.3185 	INFO 	keyboard.Keyboard is using iohub backend.
53.3186 	INFO 	keyboard.Keyboard is using iohub backend.
53.3187 	INFO 	keyboard.Keyboard is using iohub backend.
53.3187 	INFO 	keyboard.Keyboard is using iohub backend.
53.3187 	INFO 	keyboard.Keyboard is using iohub backend.
53.3188 	INFO 	keyboard.Keyboard is using iohub backend.
53.3188 	EXP 	short term memory: status = STARTED
53.3212 	EXP 	window1: mouseVisible = False
53.5292 	EXP 	Created welcome = TextStim(__class__=<class 'psychopy.visual.text.TextStim'>, alignHoriz=method-wrapper(...), alignText='center', alignVert=method-wrapper(...), anchorHoriz='center', anchorVert='center', antialias=True, autoDraw=False, autoLog=True, bold=False, color=array([1., 1., 1.]), colorSpace='rgb', contrast=1.0, depth=0.0, draggable=False, flipHoriz=False, flipVert=False, font='Arial', fontFiles=[], height=0.05, italic=False, languageStyle='LTR', name='welcome', opacity=1, ori=0.0, pos=array([0., 0.]), rgb=UNKNOWN, text=str(...), units='height', win=Window(...), wrapWidth=1)
53.5294 	EXP 	window1: mouseVisible = False
53.5310 	EXP 	Created textBlank = TextStim(__class__=<class 'psychopy.visual.text.TextStim'>, alignHoriz=method-wrapper(...), alignText='center', alignVert=method-wrapper(...), anchorHoriz='center', anchorVert='center', antialias=True, autoDraw=False, autoLog=True, bold=False, color=array([1., 1., 1.]), colorSpace='rgb', contrast=1.0, depth=0.0, draggable=False, flipHoriz=False, flipVert=False, font='Arial', fontFiles=[], height=0.05, italic=False, languageStyle='LTR', name='textBlank', opacity=1, ori=0.0, pos=array([0., 0.]), rgb=UNKNOWN, text='', units='height', win=Window(...), wrapWidth=1)
53.5311 	EXP 	window1: mouseVisible = False
53.5543 	EXP 	Created textinstructions = TextStim(__class__=<class 'psychopy.visual.text.TextStim'>, alignHoriz=method-wrapper(...), alignText='center', alignVert=method-wrapper(...), anchorHoriz='center', anchorVert='center', antialias=True, autoDraw=False, autoLog=True, bold=False, color=array([1., 1., 1.]), colorSpace='rgb', contrast=1.0, depth=0.0, draggable=False, flipHoriz=False, flipVert=False, font='Times New Roman', fontFiles=[], height=0.05, italic=False, languageStyle='LTR', name='textinstructions', opacity=1, ori=0.0, pos=array([0., 0.]), rgb=UNKNOWN, text=str(...), units='height', win=Window(...), wrapWidth=1)
53.5545 	EXP 	window1: mouseVisible = False
53.5556 	EXP 	Created textStudyTrials = TextStim(__class__=<class 'psychopy.visual.text.TextStim'>, alignHoriz=method-wrapper(...), alignText='center', alignVert=method-wrapper(...), anchorHoriz='center', anchorVert='center', antialias=True, autoDraw=False, autoLog=True, bold=False, color=array([1., 1., 1.]), colorSpace='rgb', contrast=1.0, depth=0.0, draggable=False, flipHoriz=False, flipVert=False, font='Arial', fontFiles=[], height=0.05, italic=False, languageStyle='LTR', name='textStudyTrials', opacity=1, ori=0.0, pos=array([0., 0.]), rgb=UNKNOWN, text='', units='height', win=Window(...), wrapWidth=1)
53.5557 	EXP 	window1: mouseVisible = False
53.5573 	EXP 	Created textBlank = TextStim(__class__=<class 'psychopy.visual.text.TextStim'>, alignHoriz=method-wrapper(...), alignText='center', alignVert=method-wrapper(...), anchorHoriz='center', anchorVert='center', antialias=True, autoDraw=False, autoLog=True, bold=False, color=array([1., 1., 1.]), colorSpace='rgb', contrast=1.0, depth=0.0, draggable=False, flipHoriz=False, flipVert=False, font='Arial', fontFiles=[], height=0.05, italic=False, languageStyle='LTR', name='textBlank', opacity=1, ori=0.0, pos=array([0., 0.]), rgb=UNKNOWN, text='', units='height', win=Window(...), wrapWidth=1)
53.5575 	EXP 	window1: mouseVisible = False
53.5654 	EXP 	Created textWaitScreen = TextStim(__class__=<class 'psychopy.visual.text.TextStim'>, alignHoriz=method-wrapper(...), alignText='center', alignVert=method-wrapper(...), anchorHoriz='center', anchorVert='center', antialias=True, autoDraw=False, autoLog=True, bold=False, color=array([1., 1., 1.]), colorSpace='rgb', contrast=1.0, depth=0.0, draggable=False, flipHoriz=False, flipVert=False, font='Arial', fontFiles=[], height=0.05, italic=False, languageStyle='LTR', name='textWaitScreen', opacity=1, ori=0.0, pos=array([0., 0.]), rgb=UNKNOWN, text=str(...), units='height', win=Window(...), wrapWidth=1)
53.5656 	EXP 	window1: mouseVisible = False
53.5672 	EXP 	Created Blank = TextStim(__class__=<class 'psychopy.visual.text.TextStim'>, alignHoriz=method-wrapper(...), alignText='center', alignVert=method-wrapper(...), anchorHoriz='center', anchorVert='center', antialias=True, autoDraw=False, autoLog=True, bold=False, color=array([1., 1., 1.]), colorSpace='rgb', contrast=1.0, depth=0.0, draggable=False, flipHoriz=False, flipVert=False, font='Arial', fontFiles=[], height=0.05, italic=False, languageStyle='LTR', name='Blank', opacity=1, ori=0.0, pos=array([0., 0.]), rgb=UNKNOWN, text='', units='height', win=Window(...), wrapWidth=1)
53.5674 	EXP 	window1: mouseVisible = False
53.5760 	EXP 	Created textY_N_Screen = TextStim(__class__=<class 'psychopy.visual.text.TextStim'>, alignHoriz=method-wrapper(...), alignText='center', alignVert=method-wrapper(...), anchorHoriz='center', anchorVert='center', antialias=True, autoDraw=False, autoLog=True, bold=False, color=array([1., 1., 1.]), colorSpace='rgb', contrast=1.0, depth=0.0, draggable=False, flipHoriz=False, flipVert=False, font='Arial', fontFiles=[], height=0.05, italic=False, languageStyle='LTR', name='textY_N_Screen', opacity=1, ori=0.0, pos=array([0., 0.]), rgb=UNKNOWN, text=str(...), units='height', win=Window(...), wrapWidth=1)
53.5762 	EXP 	window1: mouseVisible = False
53.5778 	EXP 	Created textBlank = TextStim(__class__=<class 'psychopy.visual.text.TextStim'>, alignHoriz=method-wrapper(...), alignText='center', alignVert=method-wrapper(...), anchorHoriz='center', anchorVert='center', antialias=True, autoDraw=False, autoLog=True, bold=False, color=array([1., 1., 1.]), colorSpace='rgb', contrast=1.0, depth=0.0, draggable=False, flipHoriz=False, flipVert=False, font='Arial', fontFiles=[], height=0.05, italic=False, languageStyle='LTR', name='textBlank', opacity=1, ori=0.0, pos=array([0., 0.]), rgb=UNKNOWN, text='', units='height', win=Window(...), wrapWidth=1)
53.5780 	EXP 	window1: mouseVisible = False
53.5790 	EXP 	Created textTestTrials = TextStim(__class__=<class 'psychopy.visual.text.TextStim'>, alignHoriz=method-wrapper(...), alignText='center', alignVert=method-wrapper(...), anchorHoriz='center', anchorVert='center', antialias=True, autoDraw=False, autoLog=True, bold=False, color=array([1., 1., 1.]), colorSpace='rgb', contrast=1.0, depth=0.0, draggable=False, flipHoriz=False, flipVert=False, font='Arial', fontFiles=[], height=0.05, italic=False, languageStyle='LTR', name='textTestTrials', opacity=1, ori=0.0, pos=array([0., 0.]), rgb=UNKNOWN, text='', units='height', win=Window(...), wrapWidth=1)
53.5791 	EXP 	window1: mouseVisible = False
53.5807 	EXP 	Created textBlank = TextStim(__class__=<class 'psychopy.visual.text.TextStim'>, alignHoriz=method-wrapper(...), alignText='center', alignVert=method-wrapper(...), anchorHoriz='center', anchorVert='center', antialias=True, autoDraw=False, autoLog=True, bold=False, color=array([1., 1., 1.]), colorSpace='rgb', contrast=1.0, depth=0.0, draggable=False, flipHoriz=False, flipVert=False, font='Arial', fontFiles=[], height=0.05, italic=False, languageStyle='LTR', name='textBlank', opacity=1, ori=0.0, pos=array([0., 0.]), rgb=UNKNOWN, text='', units='height', win=Window(...), wrapWidth=1)
53.5808 	EXP 	window1: mouseVisible = False
53.5867 	EXP 	Created text = TextStim(__class__=<class 'psychopy.visual.text.TextStim'>, alignHoriz=method-wrapper(...), alignText='center', alignVert=method-wrapper(...), anchorHoriz='center', anchorVert='center', antialias=True, autoDraw=False, autoLog=True, bold=False, color=array([1., 1., 1.]), colorSpace='rgb', contrast=1.0, depth=0.0, draggable=False, flipHoriz=False, flipVert=False, font='Arial', fontFiles=[], height=0.05, italic=False, languageStyle='LTR', name='text', opacity=1, ori=0.0, pos=array([0., 0.]), rgb=UNKNOWN, text=str(...), units='height', win=Window(...), wrapWidth=1)
0.0442 	INFO 	Keyboard events cleared
0.0423 	EXP 	welcome: autoDraw = True
2.8528 	DATA 	Keypress: space
2.8663 	EXP 	welcome: autoDraw = False
2.8663 	EXP 	textBlank: autoDraw = True
3.3559 	INFO 	Keyboard events cleared
3.3538 	EXP 	textBlank: autoDraw = False
3.3538 	EXP 	textinstructions: autoDraw = True
7.6710 	EXP 	Imported /Users/shrutigupta/Downloads/Word_stimuli.xlsx as conditions, 6 conditions, 2 params
7.6759 	EXP 	New trial (rep=0, index=0): <Trial 0 (0 in rep 0) data={'WordItem': 'bottle', 'WordColor': 'red', 'thisN': 0, 'thisTrialN': 0, 'thisRepN': 0}>
7.6831 	DATA 	Keypress: space
7.6920 	EXP 	textinstructions: autoDraw = False
7.6920 	EXP 	textStudyTrials: foreColor = <psychopy.colors.Color: red, alpha=1.0>
7.6920 	EXP 	textStudyTrials: height = 0.05
7.6920 	EXP 	textStudyTrials: height = 0.05
7.6920 	EXP 	textStudyTrials: height = 0.05
7.6920 	EXP 	textStudyTrials: text = 'bottle'
7.6920 	EXP 	textStudyTrials: autoDraw = True
8.6708 	EXP 	textStudyTrials: autoDraw = False
8.6708 	EXP 	textBlank: autoDraw = True
9.1590 	EXP 	New trial (rep=0, index=1): <Trial 1 (1 in rep 0) data={'WordItem': 'excitement', 'WordColor': 'blue', 'thisN': 1, 'thisTrialN': 1, 'thisRepN': 0}>
9.1785 	EXP 	textBlank: autoDraw = False
9.1785 	EXP 	textStudyTrials: foreColor = <psychopy.colors.Color: blue, alpha=1.0>
9.1785 	EXP 	textStudyTrials: height = 0.05
9.1785 	EXP 	textStudyTrials: height = 0.05
9.1785 	EXP 	textStudyTrials: height = 0.05
9.1785 	EXP 	textStudyTrials: text = 'excitement'
9.1785 	EXP 	textStudyTrials: autoDraw = True
10.1745 	EXP 	textStudyTrials: autoDraw = False
10.1745 	EXP 	textBlank: autoDraw = True
10.6688 	EXP 	New trial (rep=0, index=2): <Trial 2 (2 in rep 0) data={'WordItem': 'sad', 'WordColor': 'blue', 'thisN': 2, 'thisTrialN': 2, 'thisRepN': 0}>
10.6866 	EXP 	textBlank: autoDraw = False
10.6866 	EXP 	textStudyTrials: foreColor = <psychopy.colors.Color: blue, alpha=1.0>
10.6866 	EXP 	textStudyTrials: height = 0.05
10.6866 	EXP 	textStudyTrials: height = 0.05
10.6866 	EXP 	textStudyTrials: height = 0.05
10.6866 	EXP 	textStudyTrials: text = 'sad'
10.6866 	EXP 	textStudyTrials: autoDraw = True
11.6782 	EXP 	textStudyTrials: autoDraw = False
11.6782 	EXP 	textBlank: autoDraw = True
12.1803 	EXP 	New trial (rep=0, index=3): <Trial 3 (3 in rep 0) data={'WordItem': 'anxiety', 'WordColor': 'blue', 'thisN': 3, 'thisTrialN': 3, 'thisRepN': 0}>
12.1986 	EXP 	textBlank: autoDraw = False
12.1986 	EXP 	textStudyTrials: foreColor = <psychopy.colors.Color: blue, alpha=1.0>
12.1986 	EXP 	textStudyTrials: height = 0.05
12.1986 	EXP 	textStudyTrials: height = 0.05
12.1986 	EXP 	textStudyTrials: height = 0.05
12.1986 	EXP 	textStudyTrials: text = 'anxiety'
12.1986 	EXP 	textStudyTrials: autoDraw = True
13.1716 	EXP 	textStudyTrials: autoDraw = False
13.1716 	EXP 	textBlank: autoDraw = True
13.6566 	EXP 	New trial (rep=0, index=4): <Trial 4 (4 in rep 0) data={'WordItem': 'croissant', 'WordColor': 'red', 'thisN': 4, 'thisTrialN': 4, 'thisRepN': 0}>
13.6728 	EXP 	textBlank: autoDraw = False
13.6728 	EXP 	textBlank: autoDraw = False
13.6728 	EXP 	textStudyTrials: foreColor = <psychopy.colors.Color: red, alpha=1.0>
13.6728 	EXP 	textStudyTrials: height = 0.05
13.6728 	EXP 	textStudyTrials: height = 0.05
13.6728 	EXP 	textStudyTrials: height = 0.05
13.6728 	EXP 	textStudyTrials: text = 'croissant'
13.6728 	EXP 	textStudyTrials: autoDraw = True
14.6746 	EXP 	textStudyTrials: autoDraw = False
14.6746 	EXP 	textBlank: autoDraw = True
15.1666 	EXP 	New trial (rep=0, index=5): <Trial 5 (5 in rep 0) data={'WordItem': 'psychology', 'WordColor': 'red', 'thisN': 5, 'thisTrialN': 5, 'thisRepN': 0}>
15.1833 	EXP 	textBlank: autoDraw = False
15.1833 	EXP 	textStudyTrials: foreColor = <psychopy.colors.Color: red, alpha=1.0>
15.1833 	EXP 	textStudyTrials: height = 0.05
15.1833 	EXP 	textStudyTrials: height = 0.05
15.1833 	EXP 	textStudyTrials: height = 0.05
15.1833 	EXP 	textStudyTrials: text = 'psychology'
15.1833 	EXP 	textStudyTrials: autoDraw = True
16.1723 	EXP 	textStudyTrials: autoDraw = False
16.1723 	EXP 	textBlank: autoDraw = True
16.6729 	INFO 	Keyboard events cleared
16.6711 	EXP 	textBlank: autoDraw = False
16.6711 	EXP 	textBlank: autoDraw = False
16.6711 	EXP 	textWaitScreen: autoDraw = True
19.7177 	DATA 	Keypress: 1
19.7269 	EXP 	textWaitScreen: autoDraw = False
19.7269 	EXP 	Blank: autoDraw = True
20.2340 	INFO 	Keyboard events cleared
20.2322 	EXP 	Blank: autoDraw = False
20.2322 	EXP 	textY_N_Screen: autoDraw = True
24.6323 	DATA 	Keypress: space
24.6415 	EXP 	textY_N_Screen: autoDraw = False
24.6415 	EXP 	textBlank: autoDraw = True
25.1415 	EXP 	Imported /Users/shrutigupta/Downloads/Word_stimuli.xlsx as conditions, 11 conditions, 2 params
25.1423 	EXP 	New trial (rep=0, index=0): <Trial 0 (0 in rep 0) data={'WordItem': 'depression', 'WordColor': None, 'thisN': 0, 'thisTrialN': 0, 'thisRepN': 0}>
25.1589 	INFO 	Keyboard events cleared
25.1570 	EXP 	textBlank: autoDraw = False
25.1570 	EXP 	textTestTrials: height = 0.05
25.1570 	EXP 	textTestTrials: height = 0.05
25.1570 	EXP 	textTestTrials: height = 0.05
25.1570 	EXP 	textTestTrials: text = 'depression'
25.1570 	EXP 	textTestTrials: autoDraw = True
26.7569 	DATA 	Keypress: y
26.7695 	EXP 	textTestTrials: autoDraw = False
26.7695 	EXP 	textBlank: autoDraw = True
27.2577 	EXP 	New trial (rep=0, index=1): <Trial 1 (1 in rep 0) data={'WordItem': 'anxiety', 'WordColor': 'blue', 'thisN': 1, 'thisTrialN': 1, 'thisRepN': 0}>
27.2750 	INFO 	Keyboard events cleared
27.2729 	EXP 	textBlank: autoDraw = False
27.2729 	EXP 	textTestTrials: height = 0.05
27.2729 	EXP 	textTestTrials: height = 0.05
27.2729 	EXP 	textTestTrials: height = 0.05
27.2729 	EXP 	textTestTrials: text = 'anxiety'
27.2729 	EXP 	textTestTrials: autoDraw = True
28.0640 	DATA 	Keypress: y
28.0730 	EXP 	textTestTrials: autoDraw = False
28.0730 	EXP 	textBlank: autoDraw = True
28.5576 	EXP 	New trial (rep=0, index=2): <Trial 2 (2 in rep 0) data={'WordItem': 'psychology', 'WordColor': 'red', 'thisN': 2, 'thisTrialN': 2, 'thisRepN': 0}>
28.5741 	INFO 	Keyboard events cleared
28.5724 	EXP 	textBlank: autoDraw = False
28.5724 	EXP 	textBlank: autoDraw = False
28.5724 	EXP 	textTestTrials: height = 0.05
28.5724 	EXP 	textTestTrials: height = 0.05
28.5724 	EXP 	textTestTrials: height = 0.05
28.5724 	EXP 	textTestTrials: text = 'psychology'
28.5724 	EXP 	textTestTrials: autoDraw = True
29.4044 	DATA 	Keypress: y
29.4173 	EXP 	textTestTrials: autoDraw = False
29.4173 	EXP 	textBlank: autoDraw = True
29.9088 	EXP 	New trial (rep=0, index=3): <Trial 3 (3 in rep 0) data={'WordItem': 'keyboard', 'WordColor': None, 'thisN': 3, 'thisTrialN': 3, 'thisRepN': 0}>
29.9265 	INFO 	Keyboard events cleared
29.9243 	EXP 	textBlank: autoDraw = False
29.9243 	EXP 	textTestTrials: height = 0.05
29.9243 	EXP 	textTestTrials: height = 0.05
29.9243 	EXP 	textTestTrials: height = 0.05
29.9243 	EXP 	textTestTrials: text = 'keyboard'
29.9243 	EXP 	textTestTrials: autoDraw = True
30.6849 	DATA 	Keypress: n
30.6946 	EXP 	textTestTrials: autoDraw = False
30.6946 	EXP 	textBlank: autoDraw = True
31.1877 	EXP 	New trial (rep=0, index=4): <Trial 4 (4 in rep 0) data={'WordItem': 'sad', 'WordColor': 'blue', 'thisN': 4, 'thisTrialN': 4, 'thisRepN': 0}>
31.2037 	INFO 	Keyboard events cleared
31.2018 	EXP 	textBlank: autoDraw = False
31.2018 	EXP 	textTestTrials: height = 0.05
31.2018 	EXP 	textTestTrials: height = 0.05
31.2018 	EXP 	textTestTrials: height = 0.05
31.2018 	EXP 	textTestTrials: text = 'sad'
31.2018 	EXP 	textTestTrials: autoDraw = True
32.0200 	DATA 	Keypress: y
32.0295 	EXP 	textTestTrials: autoDraw = False
32.0295 	EXP 	textBlank: autoDraw = True
32.5219 	EXP 	New trial (rep=0, index=5): <Trial 5 (5 in rep 0) data={'WordItem': 'couch', 'WordColor': None, 'thisN': 5, 'thisTrialN': 5, 'thisRepN': 0}>
32.5389 	INFO 	Keyboard events cleared
32.5372 	EXP 	textBlank: autoDraw = False
32.5372 	EXP 	textTestTrials: height = 0.05
32.5372 	EXP 	textTestTrials: height = 0.05
32.5372 	EXP 	textTestTrials: height = 0.05
32.5372 	EXP 	textTestTrials: text = 'couch'
32.5372 	EXP 	textTestTrials: autoDraw = True
34.3820 	DATA 	Keypress: n
34.3913 	EXP 	textTestTrials: autoDraw = False
34.3913 	EXP 	textBlank: autoDraw = True
34.8814 	EXP 	New trial (rep=0, index=6): <Trial 6 (6 in rep 0) data={'WordItem': 'bottle', 'WordColor': 'red', 'thisN': 6, 'thisTrialN': 6, 'thisRepN': 0}>
34.8971 	INFO 	Keyboard events cleared
34.8946 	EXP 	textBlank: autoDraw = False
34.8946 	EXP 	textTestTrials: height = 0.05
34.8946 	EXP 	textTestTrials: height = 0.05
34.8946 	EXP 	textTestTrials: height = 0.05
34.8946 	EXP 	textTestTrials: text = 'bottle'
34.8946 	EXP 	textTestTrials: autoDraw = True
35.6657 	DATA 	Keypress: y
35.6748 	EXP 	textTestTrials: autoDraw = False
35.6748 	EXP 	textBlank: autoDraw = True
36.1637 	EXP 	New trial (rep=0, index=7): <Trial 7 (7 in rep 0) data={'WordItem': 'excitement', 'WordColor': 'blue', 'thisN': 7, 'thisTrialN': 7, 'thisRepN': 0}>
36.1818 	INFO 	Keyboard events cleared
36.1813 	EXP 	textBlank: autoDraw = False
36.1813 	EXP 	textBlank: autoDraw = False
36.1813 	EXP 	textTestTrials: height = 0.05
36.1813 	EXP 	textTestTrials: height = 0.05
36.1813 	EXP 	textTestTrials: height = 0.05
36.1813 	EXP 	textTestTrials: text = 'excitement'
36.1813 	EXP 	textTestTrials: autoDraw = True
36.9010 	DATA 	Keypress: y
36.9238 	EXP 	textTestTrials: autoDraw = False
36.9238 	EXP 	textBlank: autoDraw = True
37.4140 	EXP 	New trial (rep=0, index=8): <Trial 8 (8 in rep 0) data={'WordItem': 'television', 'WordColor': None, 'thisN': 8, 'thisTrialN': 8, 'thisRepN': 0}>
37.4327 	INFO 	Keyboard events cleared
37.4322 	EXP 	textBlank: autoDraw = False
37.4322 	EXP 	textBlank: autoDraw = False
37.4322 	EXP 	textTestTrials: height = 0.05
37.4322 	EXP 	textTestTrials: height = 0.05
37.4322 	EXP 	textTestTrials: height = 0.05
37.4322 	EXP 	textTestTrials: text = 'television'
37.4322 	EXP 	textTestTrials: autoDraw = True
38.2206 	DATA 	Keypress: n
38.2303 	EXP 	textTestTrials: autoDraw = False
38.2303 	EXP 	textBlank: autoDraw = True
38.7187 	EXP 	New trial (rep=0, index=9): <Trial 9 (9 in rep 0) data={'WordItem': 'croissant', 'WordColor': 'red', 'thisN': 9, 'thisTrialN': 9, 'thisRepN': 0}>
38.7366 	INFO 	Keyboard events cleared
38.7350 	EXP 	textBlank: autoDraw = False
38.7350 	EXP 	textTestTrials: height = 0.05
38.7350 	EXP 	textTestTrials: height = 0.05
38.7350 	EXP 	textTestTrials: height = 0.05
38.7350 	EXP 	textTestTrials: text = 'croissant'
38.7350 	EXP 	textTestTrials: autoDraw = True
39.6990 	DATA 	Keypress: y
39.7081 	EXP 	textTestTrials: autoDraw = False
39.7081 	EXP 	textBlank: autoDraw = True
40.2025 	EXP 	New trial (rep=0, index=10): <Trial 10 (10 in rep 0) data={'WordItem': 'fascinated', 'WordColor': None, 'thisN': 10, 'thisTrialN': 10, 'thisRepN': 0}>
40.2200 	INFO 	Keyboard events cleared
40.2183 	EXP 	textBlank: autoDraw = False
40.2183 	EXP 	textTestTrials: height = 0.05
40.2183 	EXP 	textTestTrials: height = 0.05
40.2183 	EXP 	textTestTrials: height = 0.05
40.2183 	EXP 	textTestTrials: text = 'fascinated'
40.2183 	EXP 	textTestTrials: autoDraw = True
40.8864 	DATA 	Keypress: n
40.8961 	EXP 	textTestTrials: autoDraw = False
40.8961 	EXP 	textBlank: autoDraw = True
41.4127 	EXP 	textBlank: autoDraw = False
41.4127 	EXP 	text: autoDraw = True
42.8041 	DATA 	Keypress: space
44.9612 	DATA 	Keypress: space
46.4017 	EXP 	text: autoDraw = False
46.4017 	EXP 	short term memory: status = STOPPED
46.4158 	INFO 	saved data to '/Users/shrutigupta/Desktop/lab in psychology/SOLO PROJECT/data/5_short term memory_2024-12-06_19h11.44.226.csv'
46.4214 	INFO 	saved data to /Users/shrutigupta/Desktop/lab in psychology/SOLO PROJECT/data/5_short term memory_2024-12-06_19h11.44.226.psydat
46.9897 	EXP 	window1: mouseVisible = True
